#
# There is insufficient memory for the Java Runtime Environment to continue.
# Native memory allocation (mmap) failed to map 65011712 bytes for G1 virtual space
# Possible reasons:
#   The system is out of physical RAM or swap space
#   The process is running with CompressedOops enabled, and the Java Heap may be blocking the growth of the native heap
# Possible solutions:
#   Reduce memory load on the system
#   Increase physical memory or swap space
#   Check if swap backing store is full
#   Decrease Java heap size (-Xmx/-Xms)
#   Decrease number of Java threads
#   Decrease Java thread stack sizes (-Xss)
#   Set larger code cache with -XX:ReservedCodeCacheSize=
#   JVM is running with Unscaled Compressed Oops mode in which the Java heap is
#     placed in the first 4GB address space. The Java Heap base address is the
#     maximum limit for the native heap growth. Please use -XX:HeapBaseMinAddress
#     to set the Java Heap base and to place the Java Heap above 4GB virtual address.
# This output file may be truncated or incomplete.
#
#  Out of Memory Error (os_windows.cpp:3825), pid=17228, tid=9912
#
# JRE version:  (17.0.9) (build )
# Java VM: OpenJDK 64-Bit Server VM (17.0.9+0--11185874, mixed mode, sharing, tiered, compressed oops, compressed class ptrs, g1 gc, windows-amd64)
# No core dump will be written. Minidumps are not enabled by default on client versions of Windows
#

---------------  S U M M A R Y ------------

Command Line: org.jetbrains.kotlin.cli.jvm.K2JVMCompiler @C:\Users\shiro\Downloads\SELAMATKAN-master\app\build\20240421_7187627987735090035.compiler.options

Host: Intel(R) Core(TM) i3-10110U CPU @ 2.10GHz, 4 cores, 3G,  Windows 11 , 64 bit Build 22621 (10.0.22621.3374)
Time: Sun Apr 21 08:44:09 2024 SE Asia Standard Time elapsed time: 0.021663 seconds (0d 0h 0m 0s)

---------------  T H R E A D  ---------------

Current thread (0x000001ad2168ae60):  JavaThread "Unknown thread" [_thread_in_vm, id=9912, stack(0x000000a0a3e00000,0x000000a0a3f00000)]

Stack: [0x000000a0a3e00000,0x000000a0a3f00000]
Native frames: (J=compiled Java code, j=interpreted, Vv=VM code, C=native code)
V  [jvm.dll+0x6886e9]
V  [jvm.dll+0x841e4a]
V  [jvm.dll+0x843a8e]
V  [jvm.dll+0x8440f3]
V  [jvm.dll+0x24c14f]
V  [jvm.dll+0x685499]
V  [jvm.dll+0x679c2a]
V  [jvm.dll+0x30cf9b]
V  [jvm.dll+0x314446]
V  [jvm.dll+0x36425e]
V  [jvm.dll+0x36448f]
V  [jvm.dll+0x2e2d68]
V  [jvm.dll+0x2e3cd4]
V  [jvm.dll+0x8129f1]
V  [jvm.dll+0x3720c1]
V  [jvm.dll+0x7f152c]
V  [jvm.dll+0x3f5d4f]
V  [jvm.dll+0x3f7981]
C  [jli.dll+0x528f]
C  [ucrtbase.dll+0x29333]
C  [KERNEL32.DLL+0x1257d]
C  [ntdll.dll+0x5aa48]


---------------  P R O C E S S  ---------------

Threads class SMR info:
_java_thread_list=0x00007ff89ce3ef18, length=0, elements={
}

Java Threads: ( => current thread )

Other Threads:
  0x000001ad216c7d40 GCTaskThread "GC Thread#0" [stack: 0x000000a0a3f00000,0x000000a0a4000000] [id=16692]
  0x000001ad216d0790 ConcurrentGCThread "G1 Main Marker" [stack: 0x000000a0a4000000,0x000000a0a4100000] [id=14856]
  0x000001ad216d11b0 ConcurrentGCThread "G1 Conc#0" [stack: 0x000000a0a4100000,0x000000a0a4200000] [id=14372]

[error occurred during error reporting (printing all threads), id 0xc0000005, EXCEPTION_ACCESS_VIOLATION (0xc0000005) at pc=0x00007ff89c5f3937]

VM state: not at safepoint (not fully initialized)

VM Mutex/Monitor currently owned by a thread:  ([mutex/lock_event])
[0x000001ad21687c70] Heap_lock - owner thread: 0x000001ad2168ae60

Heap address: 0x00000000c2800000, size: 984 MB, Compressed Oops mode: 32-bit

CDS archive(s) mapped at: [0x0000000000000000-0x0000000000000000-0x0000000000000000), size 0, SharedBaseAddress: 0x0000000800000000, ArchiveRelocationMode: 1.
Narrow klass base: 0x0000000000000000, Narrow klass shift: 0, Narrow klass range: 0x0

GC Precious Log:
<Empty>

Heap:
 garbage-first heap   total 0K, used 0K [0x00000000c2800000, 0x0000000100000000)
  region size 1024K, 0 young (0K), 0 survivors (0K)
 Metaspace       used 0K, committed 0K, reserved 0K
  class space    used 0K, committed 0K, reserved 0K

Heap Regions: E=young(eden), S=young(survivor), O=old, HS=humongous(starts), HC=humongous(continues), CS=collection set, F=free, OA=open archive, CA=closed archive, TAMS=top-at-mark-start (previous, next)

Card table byte_map: [0x000001ad35b50000,0x000001ad35d40000] _byte_map_base: 0x000001ad3553c000

Marking Bits (Prev, Next): (CMBitMap*) 0x000001ad216c8360, (CMBitMap*) 0x000001ad216c83a0
 Prev Bits: [0x000001ad35f30000, 0x000001ad36e90000)
 Next Bits: [0x000001ad36e90000, 0x000001ad37df0000)

GC Heap History (0 events):
No events

Dll operation events (1 events):
Event: 0.011 Loaded shared library C:\Program Files\Android\Android Studio\jbr\bin\java.dll

Deoptimization events (0 events):
No events

Classes unloaded (0 events):
No events

Classes redefined (0 events):
No events

Internal exceptions (0 events):
No events

VM Operations (0 events):
No events

Events (0 events):
No events


Dynamic libraries:
0x00007ff6f99f0000 - 0x00007ff6f99fa000 	C:\Program Files\Android\Android Studio\jbr\bin\java.exe
0x00007ff936430000 - 0x00007ff936646000 	C:\WINDOWS\SYSTEM32\ntdll.dll
0x00007ff936320000 - 0x00007ff9363e4000 	C:\WINDOWS\System32\KERNEL32.DLL
0x00007ff933a00000 - 0x00007ff933da7000 	C:\WINDOWS\System32\KERNELBASE.dll
0x00007ff933750000 - 0x00007ff933861000 	C:\WINDOWS\System32\ucrtbase.dll
0x00007ff9181c0000 - 0x00007ff9181d7000 	C:\Program Files\Android\Android Studio\jbr\bin\jli.dll
0x00007ff92ad90000 - 0x00007ff92adab000 	C:\Program Files\Android\Android Studio\jbr\bin\VCRUNTIME140.dll
0x00007ff934560000 - 0x00007ff93470e000 	C:\WINDOWS\System32\USER32.dll
0x00007ff933f20000 - 0x00007ff933f46000 	C:\WINDOWS\System32\win32u.dll
0x00007ff91ad50000 - 0x00007ff91afe3000 	C:\WINDOWS\WinSxS\amd64_microsoft.windows.common-controls_6595b64144ccf1df_6.0.22621.3235_none_270f74e173860f98\COMCTL32.dll
0x00007ff9341f0000 - 0x00007ff934219000 	C:\WINDOWS\System32\GDI32.dll
0x00007ff935780000 - 0x00007ff935827000 	C:\WINDOWS\System32\msvcrt.dll
0x00007ff934040000 - 0x00007ff934159000 	C:\WINDOWS\System32\gdi32full.dll
0x00007ff933930000 - 0x00007ff9339ca000 	C:\WINDOWS\System32\msvcp_win.dll
0x00007ff934290000 - 0x00007ff9342c1000 	C:\WINDOWS\System32\IMM32.DLL
0x00007ff92ad00000 - 0x00007ff92ad0c000 	C:\Program Files\Android\Android Studio\jbr\bin\vcruntime140_1.dll
0x00007ff9053f0000 - 0x00007ff90547d000 	C:\Program Files\Android\Android Studio\jbr\bin\msvcp140.dll
0x00007ff89c300000 - 0x00007ff89cf83000 	C:\Program Files\Android\Android Studio\jbr\bin\server\jvm.dll
0x00007ff935100000 - 0x00007ff9351b2000 	C:\WINDOWS\System32\ADVAPI32.dll
0x00007ff9342d0000 - 0x00007ff934378000 	C:\WINDOWS\System32\sechost.dll
0x00007ff9339d0000 - 0x00007ff9339f8000 	C:\WINDOWS\System32\bcrypt.dll
0x00007ff935500000 - 0x00007ff935615000 	C:\WINDOWS\System32\RPCRT4.dll
0x00007ff933620000 - 0x00007ff93366d000 	C:\WINDOWS\SYSTEM32\POWRPROF.dll
0x00007ff9152c0000 - 0x00007ff9152c9000 	C:\WINDOWS\SYSTEM32\WSOCK32.dll
0x00007ff92a230000 - 0x00007ff92a264000 	C:\WINDOWS\SYSTEM32\WINMM.dll
0x00007ff934bf0000 - 0x00007ff934c61000 	C:\WINDOWS\System32\WS2_32.dll
0x00007ff92a220000 - 0x00007ff92a22a000 	C:\WINDOWS\SYSTEM32\VERSION.dll
0x00007ff933600000 - 0x00007ff933613000 	C:\WINDOWS\SYSTEM32\UMPDC.dll
0x00007ff932750000 - 0x00007ff932768000 	C:\WINDOWS\SYSTEM32\kernel.appcore.dll
0x00007ff92a7e0000 - 0x00007ff92a7ea000 	C:\Program Files\Android\Android Studio\jbr\bin\jimage.dll
0x00007ff930f90000 - 0x00007ff9311c3000 	C:\WINDOWS\SYSTEM32\DBGHELP.DLL
0x00007ff934810000 - 0x00007ff934b98000 	C:\WINDOWS\System32\combase.dll
0x00007ff935420000 - 0x00007ff9354f7000 	C:\WINDOWS\System32\OLEAUT32.dll
0x00007ff91c380000 - 0x00007ff91c3b2000 	C:\WINDOWS\SYSTEM32\dbgcore.DLL
0x00007ff933f50000 - 0x00007ff933fc9000 	C:\WINDOWS\System32\bcryptPrimitives.dll
0x00007ff91a460000 - 0x00007ff91a485000 	C:\Program Files\Android\Android Studio\jbr\bin\java.dll

dbghelp: loaded successfully - version: 4.0.5 - missing functions: none
symbol engine: initialized successfully - sym options: 0x614 - pdb path: .;C:\Program Files\Android\Android Studio\jbr\bin;C:\WINDOWS\SYSTEM32;C:\WINDOWS\WinSxS\amd64_microsoft.windows.common-controls_6595b64144ccf1df_6.0.22621.3235_none_270f74e173860f98;C:\Program Files\Android\Android Studio\jbr\bin\server

VM Arguments:
java_command: org.jetbrains.kotlin.cli.jvm.K2JVMCompiler @C:\Users\shiro\Downloads\SELAMATKAN-master\app\build\20240421_7187627987735090035.compiler.options
java_class_path (initial): C:\Users\shiro\android\caches\modules-2\files-2.1\org.jetbrains.kotlin\kotlin-compiler-embeddable\1.7.0\4d09852239f61842072b40b524882fa3caaed371\kotlin-compiler-embeddable-1.7.0.jar;C:\Users\shiro\android\caches\modules-2\files-2.1\org.jetbrains.kotlin\kotlin-reflect\1.7.0\e660b0079fdaf744dc9cc7f6f3aa3c761ec839b0\kotlin-reflect-1.7.0.jar;C:\Users\shiro\android\caches\modules-2\files-2.1\org.jetbrains.kotlin\kotlin-stdlib\1.7.0\a5f42c684ad9003160ef0d0f693ecf0ba7b13549\kotlin-stdlib-1.7.0.jar;C:\Users\shiro\android\caches\modules-2\files-2.1\org.jetbrains.kotlin\kotlin-script-runtime\1.7.0\3acea1d447587e61bc3e1b3ed6227d9e9ed4ddf1\kotlin-script-runtime-1.7.0.jar;C:\Users\shiro\android\caches\modules-2\files-2.1\org.jetbrains.kotlin\kotlin-daemon-embeddable\1.7.0\fd56798de80825c673ac93808284c5198ffa2b50\kotlin-daemon-embeddable-1.7.0.jar;C:\Users\shiro\android\caches\modules-2\files-2.1\org.jetbrains.intellij.deps\trove4j\1.0.20200330\3afb14d5f9ceb459d724e907a21145e8ff394f02\trove4j-1.0.20200330.jar;C:\Users\shiro\android\caches\modules-2\files-2.1\net.java.dev.jna\jna\5.6.0\330f2244e9030119ab3030fc3fededc86713d9cc\jna-5.6.0.jar;C:\Users\shiro\android\caches\modules-2\files-2.1\org.jetbrains.kotlin\kotlin-stdlib-common\1.7.0\51736992f422993a1e741051bdf3c12801bc1ca1\kotlin-stdlib-common-1.7.0.jar;C:\Users\shiro\android\caches\modules-2\files-2.1\org.jetbrains\annotations\13.0\919f0dfe192fb4e063e7dacadee7f8bb9a2672a9\annotations-13.0.jar
Launcher Type: SUN_STANDARD

[Global flags]
     intx CICompilerCount                          = 3                                         {product} {ergonomic}
     uint ConcGCThreads                            = 1                                         {product} {ergonomic}
     uint G1ConcRefinementThreads                  = 4                                         {product} {ergonomic}
   size_t G1HeapRegionSize                         = 1048576                                   {product} {ergonomic}
    uintx GCDrainStackTargetSize                   = 64                                        {product} {ergonomic}
   size_t InitialHeapSize                          = 65011712                                  {product} {ergonomic}
   size_t MarkStackSize                            = 4194304                                   {product} {ergonomic}
   size_t MaxHeapSize                              = 1031798784                                {product} {ergonomic}
   size_t MinHeapDeltaBytes                        = 1048576                                   {product} {ergonomic}
   size_t MinHeapSize                              = 8388608                                   {product} {ergonomic}
    uintx NonNMethodCodeHeapSize                   = 5832780                                {pd product} {ergonomic}
    uintx NonProfiledCodeHeapSize                  = 122912730                              {pd product} {ergonomic}
    uintx ProfiledCodeHeapSize                     = 122912730                              {pd product} {ergonomic}
    uintx ReservedCodeCacheSize                    = 251658240                              {pd product} {ergonomic}
     bool SegmentedCodeCache                       = true                                      {product} {ergonomic}
   size_t SoftMaxHeapSize                          = 1031798784                             {manageable} {ergonomic}
     bool UseCompressedClassPointers               = true                           {product lp64_product} {ergonomic}
     bool UseCompressedOops                        = true                           {product lp64_product} {ergonomic}
     bool UseG1GC                                  = true                                      {product} {ergonomic}
     bool UseLargePagesIndividualAllocation        = false                                  {pd product} {ergonomic}

Logging:
Log output configuration:
 #0: stdout all=warning uptime,level,tags
 #1: stderr all=off uptime,level,tags

Environment Variables:
JAVA_HOME=C:\Program Files\Java\jdk-1.8
PATH=C:\Program Files (x86)\Common Files\Oracle\Java\javapath;C:\Program Files\Eclipse Adoptium\jdk-21.0.2.13-hotspot\bin;C:\ffmpeg\bin;C:\Program Files (x86)\Common Files\Intel\Shared Libraries\redist\intel64\compiler;C:\WINDOWS\system32;C:\WINDOWS;C:\WINDOWS\System32\Wbem;C:\WINDOWS\System32\WindowsPowerShell\v1.0\;C:\WINDOWS\System32\OpenSSH\;C:\Program Files (x86)\cloudflared\.;C:\Program Files\nodejs\;C:\Users\shiro\AppData\Local\Programs\Python\Python312\Scripts\;C:\Users\shiro\AppData\Local\Programs\Python\Python312\;C:\Users\shiro\AppData\Local\Programs\Python\Launcher\;C:\Users\shiro\AppData\Local\Microsoft\WindowsApps;C:\Users\shiro\AppData\Local\Programs\Microsoft VS Code\bin;C:\metasploit\bin;C:\Users\shiro\AppData\Roaming\npm;C:\ffmpeg\bin;C:\Program Files\GitHub CLI\;C:\ProgramData\chocolatey\bin;C:\Program Files (x86)\cloudflared\;C:\Program Files\Git\cmd;C:\composer;C:\xampp\php;c:\Users\shiro\AppData\Local\Programs\cursor\resources\app\bin;C:\Users\shiro\AppData\Local\Programs\Python\Python312\Scripts\;C:\Users\shiro\AppData\Local\Programs\Python\Python312\;C:\Users\shiro\AppData\Local\Programs\Python\Launcher\;C:\Users\shiro\AppData\Local\Microsoft\WindowsApps;C:\metasploit\bin;C:\Users\shiro\AppData\Roaming\npm;C:\ffmpeg\bin;C:\Users\shiro\AppData\Roaming\Composer\vendor\bin;C:\composer;C:\Users\shiro\AppData\Local\spicetify;C:\Program Files\Eclipse Adoptium\jdk-21.0.2.13-hotspot\bin;C:\Users\shiro\AppData\Local\Programs\Microsoft VS Code\bin;C:\Users\shiro\AppData\Local\Android\Sdk\buid-tools;C:\Users\shiro\AppData\Local\Android\Sdk\emulator;C:\Users\shiro\AppData\Local\Android\Sdk\platform-tools;C:\Users\shiro\AppData\Local\Android\Sdk\tools;C:\Users\shiro\AppData\Local\Android\Sdk;C:\Program Files\Java\jdk-1.8\bin;C:\gradle\bin;
USERNAME=shiro
OS=Windows_NT
PROCESSOR_IDENTIFIER=Intel64 Family 6 Model 142 Stepping 12, GenuineIntel
TMP=C:\Users\shiro\AppData\Local\Temp
TEMP=C:\Users\shiro\AppData\Local\Temp



Periodic native trim disabled

JNI global refs:
JNI global refs: 0, weak refs: 0

JNI global refs memory usage: 0, weak refs: 0

OOME stack traces (most recent first):
Classloader memory used:


---------------  S Y S T E M  ---------------

OS:
 Windows 11 , 64 bit Build 22621 (10.0.22621.3374)
OS uptime: 2 days 0:54 hours
Hyper-V role detected

CPU: total 4 (initial active 4) (2 cores per cpu, 2 threads per core) family 6 model 142 stepping 12 microcode 0xec, cx8, cmov, fxsr, ht, mmx, 3dnowpref, sse, sse2, sse3, ssse3, sse4.1, sse4.2, popcnt, lzcnt, tsc, tscinvbit, avx, avx2, aes, erms, clmul, bmi1, bmi2, adx, fma, vzeroupper, clflush, clflushopt, hv
Processor Information for all 4 processors :
  Max Mhz: 2592, Current Mhz: 2093, Mhz Limit: 2073

Memory: 4k page, system-wide physical 3930M (166M free)
TotalPageFile size 16218M (AvailPageFile size 24M)
current process WorkingSet (physical memory assigned to process): 11M, peak: 11M
current process commit charge ("private bytes"): 51M, peak: 113M

vm_info: OpenJDK 64-Bit Server VM (17.0.9+0--11185874) for windows-amd64 JRE (17.0.9+0--11185874), built on Dec  6 2023 18:57:44 by "androidbuild" with MS VC++ 16.10 / 16.11 (VS2019)

END.
